<?xml version="1.0" encoding="UTF-8"?>

<BugCollection version="4.4.0" sequence="4" timestamp="1635346090030" analysisTimestamp="1635346088994" release="">
  <Project projectName="JUnitGettingStarted">
    <Jar>/Users/shyamsaibethina/Desktop/Sofware 1/workspace/JUnitGettingStarted/bin/FactoringUtilityTest.class</Jar>
    <AuxClasspathEntry>/Users/shyamsaibethina/Desktop/Sofware 1/workspace/JUnitGettingStarted/bin</AuxClasspathEntry>
    <AuxClasspathEntry>/Users/shyamsaibethina/Desktop/Sofware 1/components.jar</AuxClasspathEntry>
    <AuxClasspathEntry>/Applications/Eclipse.app/Contents/Eclipse/plugins/org.junit_4.13.0.v20200204-1500.jar</AuxClasspathEntry>
    <AuxClasspathEntry>/Applications/Eclipse.app/Contents/Eclipse/plugins/org.hamcrest.core_1.3.0.v20180420-1519.jar</AuxClasspathEntry>
    <AuxClasspathEntry>/Applications/Eclipse.app/Contents/Eclipse/plugins/org.eclipse.justj.openjdk.hotspot.jre.full.macosx.x86_64_16.0.1.v20210528-1205/jre/lib/jrt-fs.jar</AuxClasspathEntry>
    <SrcDir>/Users/shyamsaibethina/Desktop/Sofware 1/workspace/JUnitGettingStarted/test</SrcDir>
    <SrcDir>/Users/shyamsaibethina/Desktop/Sofware 1/workspace/JUnitGettingStarted/src</SrcDir>
  </Project>
  <Errors errors="0" missingClasses="0"></Errors>
  <FindBugsSummary timestamp="Wed, 27 Oct 2021 10:48:08 -0400" total_classes="1" referenced_classes="15" total_bugs="0" total_size="83" num_packages="1" java_version="16.0.1" vm_version="16.0.1+9-24" cpu_seconds="2.58" clock_seconds="1.05" peak_mbytes="592.37" alloc_mbytes="2048.00" gc_seconds="0.04">
    <PackageStats package="" total_bugs="0" total_types="1" total_size="83">
      <ClassStats class="FactoringUtilityTest" sourceFile="FactoringUtilityTest.java" interface="false" size="83" bugs="0"/>
    </PackageStats>
    <FindBugsProfile>
      <ClassProfile name="de.tobject.findbugs.builder.FindBugs2Eclipse" totalMilliseconds="261" invocations="2" avgMicrosecondsPerInvocation="130623" maxMicrosecondsPerInvocation="229088" standardDeviationMicrosecondsPerInvocation="98465"/>
      <ClassProfile name="edu.umd.cs.findbugs.classfile.engine.ClassInfoAnalysisEngine" totalMilliseconds="231" invocations="331" avgMicrosecondsPerInvocation="698" maxMicrosecondsPerInvocation="51781" standardDeviationMicrosecondsPerInvocation="3257"/>
      <ClassProfile name="edu.umd.cs.findbugs.detect.FieldItemSummary" totalMilliseconds="101" invocations="15" avgMicrosecondsPerInvocation="6763" maxMicrosecondsPerInvocation="57464" standardDeviationMicrosecondsPerInvocation="14533"/>
      <ClassProfile name="edu.umd.cs.findbugs.classfile.engine.ClassDataAnalysisEngine" totalMilliseconds="49" invocations="332" avgMicrosecondsPerInvocation="148" maxMicrosecondsPerInvocation="3312" standardDeviationMicrosecondsPerInvocation="312"/>
      <ClassProfile name="edu.umd.cs.findbugs.OpcodeStack$JumpInfoFactory" totalMilliseconds="45" invocations="60" avgMicrosecondsPerInvocation="758" maxMicrosecondsPerInvocation="10585" standardDeviationMicrosecondsPerInvocation="2135"/>
      <ClassProfile name="edu.umd.cs.findbugs.classfile.engine.bcel.CFGFactory" totalMilliseconds="44" invocations="13" avgMicrosecondsPerInvocation="3440" maxMicrosecondsPerInvocation="39873" standardDeviationMicrosecondsPerInvocation="10521"/>
      <ClassProfile name="edu.umd.cs.findbugs.detect.NoteDirectlyRelevantTypeQualifiers" totalMilliseconds="31" invocations="15" avgMicrosecondsPerInvocation="2078" maxMicrosecondsPerInvocation="13396" standardDeviationMicrosecondsPerInvocation="3556"/>
    </FindBugsProfile>
  </FindBugsSummary>
  <ClassFeatures></ClassFeatures>
  <History>
    <AppVersion sequence="0" timestamp="1635345150363" release="" codeSize="0" numClasses="0"/>
    <AppVersion sequence="1" timestamp="1635345150364" release="" codeSize="9" numClasses="1"/>
    <AppVersion sequence="2" timestamp="1635345922103" release="" codeSize="6" numClasses="1"/>
    <AppVersion sequence="3" timestamp="1635346053947" release="" codeSize="47" numClasses="2"/>
  </History>
</BugCollection>
